0 info it worked if it ends with ok
1 verbose cli [ '/usr/bin/nodejs', '/usr/bin/npm', 'install', '-g', 'vulcanize' ]
2 info using npm@1.3.10
3 info using node@v0.10.25
4 verbose cache add [ 'vulcanize', null ]
5 verbose cache add name=undefined spec="vulcanize" args=["vulcanize",null]
6 verbose parsed url { protocol: null,
6 verbose parsed url   slashes: null,
6 verbose parsed url   auth: null,
6 verbose parsed url   host: null,
6 verbose parsed url   port: null,
6 verbose parsed url   hostname: null,
6 verbose parsed url   hash: null,
6 verbose parsed url   search: null,
6 verbose parsed url   query: null,
6 verbose parsed url   pathname: 'vulcanize',
6 verbose parsed url   path: 'vulcanize',
6 verbose parsed url   href: 'vulcanize' }
7 silly lockFile 03cbe3c1-vulcanize vulcanize
8 verbose lock vulcanize /home/alex/.npm/03cbe3c1-vulcanize.lock
9 silly lockFile 03cbe3c1-vulcanize vulcanize
10 silly lockFile 03cbe3c1-vulcanize vulcanize
11 verbose addNamed [ 'vulcanize', '' ]
12 verbose addNamed [ null, '*' ]
13 silly lockFile 5340c566-vulcanize vulcanize@
14 verbose lock vulcanize@ /home/alex/.npm/5340c566-vulcanize.lock
15 silly addNameRange { name: 'vulcanize', range: '*', hasData: false }
16 verbose url raw vulcanize
17 verbose url resolving [ 'https://registry.npmjs.org/', './vulcanize' ]
18 verbose url resolved https://registry.npmjs.org/vulcanize
19 info trying registry request attempt 1 at 20:17:03
20 http GET https://registry.npmjs.org/vulcanize
21 http 200 https://registry.npmjs.org/vulcanize
22 silly registry.get cb [ 200,
22 silly registry.get   { server: 'CouchDB/1.5.0 (Erlang OTP/R16B03)',
22 silly registry.get     etag: '"6EP3LVTOKOUT9QXGTTN19Z6T0"',
22 silly registry.get     'content-type': 'application/json',
22 silly registry.get     'cache-control': 'max-age=300',
22 silly registry.get     'content-length': '124474',
22 silly registry.get     'accept-ranges': 'bytes',
22 silly registry.get     date: 'Sun, 15 May 2016 19:17:04 GMT',
22 silly registry.get     via: '1.1 varnish',
22 silly registry.get     age: '0',
22 silly registry.get     connection: 'keep-alive',
22 silly registry.get     'x-served-by': 'cache-ams4121-AMS',
22 silly registry.get     'x-cache': 'MISS',
22 silly registry.get     'x-cache-hits': '0',
22 silly registry.get     'x-timer': 'S1463339823.837075,VS0,VE712',
22 silly registry.get     vary: 'Accept-Encoding' } ]
23 silly addNameRange number 2 { name: 'vulcanize', range: '*', hasData: true }
24 silly addNameRange versions [ 'vulcanize',
24 silly addNameRange   [ '0.0.1',
24 silly addNameRange     '0.1.0',
24 silly addNameRange     '0.1.1',
24 silly addNameRange     '0.1.2',
24 silly addNameRange     '0.1.3',
24 silly addNameRange     '0.1.4',
24 silly addNameRange     '0.1.5',
24 silly addNameRange     '0.1.6',
24 silly addNameRange     '0.1.7',
24 silly addNameRange     '0.1.8',
24 silly addNameRange     '0.1.9',
24 silly addNameRange     '0.1.10',
24 silly addNameRange     '0.1.11',
24 silly addNameRange     '0.1.12',
24 silly addNameRange     '0.1.13',
24 silly addNameRange     '0.1.14',
24 silly addNameRange     '0.1.15',
24 silly addNameRange     '0.2.0',
24 silly addNameRange     '0.2.1',
24 silly addNameRange     '0.2.2',
24 silly addNameRange     '0.2.3',
24 silly addNameRange     '0.2.4',
24 silly addNameRange     '0.2.5',
24 silly addNameRange     '0.2.6',
24 silly addNameRange     '0.2.7',
24 silly addNameRange     '0.3.0',
24 silly addNameRange     '0.3.1',
24 silly addNameRange     '0.4.0',
24 silly addNameRange     '0.4.1',
24 silly addNameRange     '0.4.2',
24 silly addNameRange     '0.4.3',
24 silly addNameRange     '0.5.0',
24 silly addNameRange     '0.6.1',
24 silly addNameRange     '0.6.2',
24 silly addNameRange     '0.7.0',
24 silly addNameRange     '0.7.1',
24 silly addNameRange     '0.7.2',
24 silly addNameRange     '0.7.3',
24 silly addNameRange     '0.7.4',
24 silly addNameRange     '0.7.5',
24 silly addNameRange     '0.7.6',
24 silly addNameRange     '0.7.7',
24 silly addNameRange     '0.7.8',
24 silly addNameRange     '0.7.9',
24 silly addNameRange     '0.7.10',
24 silly addNameRange     '1.0.0',
24 silly addNameRange     '1.1.0',
24 silly addNameRange     '1.2.0',
24 silly addNameRange     '1.2.1',
24 silly addNameRange     '1.3.0',
24 silly addNameRange     '1.4.0',
24 silly addNameRange     '1.4.1',
24 silly addNameRange     '1.4.2',
24 silly addNameRange     '1.4.3',
24 silly addNameRange     '1.4.4',
24 silly addNameRange     '1.5.0',
24 silly addNameRange     '1.5.1',
24 silly addNameRange     '1.6.0',
24 silly addNameRange     '1.7.0',
24 silly addNameRange     '1.7.1',
24 silly addNameRange     '1.8.0',
24 silly addNameRange     '1.8.1',
24 silly addNameRange     '0.7.11',
24 silly addNameRange     '1.9.0',
24 silly addNameRange     '1.9.1',
24 silly addNameRange     '1.9.2',
24 silly addNameRange     '1.9.3',
24 silly addNameRange     '1.10.0',
24 silly addNameRange     '1.10.1',
24 silly addNameRange     '1.10.2',
24 silly addNameRange     '1.10.3',
24 silly addNameRange     '1.10.4',
24 silly addNameRange     '1.10.5',
24 silly addNameRange     '1.11.0',
24 silly addNameRange     '1.12.0',
24 silly addNameRange     '1.12.1',
24 silly addNameRange     '1.12.2',
24 silly addNameRange     '1.12.3',
24 silly addNameRange     '1.13.0',
24 silly addNameRange     '1.13.1',
24 silly addNameRange     '1.14.0',
24 silly addNameRange     '1.14.1',
24 silly addNameRange     '1.14.2',
24 silly addNameRange     '1.14.3',
24 silly addNameRange     '1.14.4',
24 silly addNameRange     '1.14.5',
24 silly addNameRange     '1.14.6',
24 silly addNameRange     '1.14.7',
24 silly addNameRange     '1.14.8' ] ]
25 verbose addNamed [ 'vulcanize', '1.14.8' ]
26 verbose addNamed [ '1.14.8', '1.14.8' ]
27 silly lockFile a33f939b-vulcanize-1-14-8 vulcanize@1.14.8
28 verbose lock vulcanize@1.14.8 /home/alex/.npm/a33f939b-vulcanize-1-14-8.lock
29 silly lockFile b7cd2d53-g-vulcanize-vulcanize-1-14-8-tgz https://registry.npmjs.org/vulcanize/-/vulcanize-1.14.8.tgz
30 verbose lock https://registry.npmjs.org/vulcanize/-/vulcanize-1.14.8.tgz /home/alex/.npm/b7cd2d53-g-vulcanize-vulcanize-1-14-8-tgz.lock
31 verbose addRemoteTarball [ 'https://registry.npmjs.org/vulcanize/-/vulcanize-1.14.8.tgz',
31 verbose addRemoteTarball   '3cdd6f81d9baf2c5796ddd6d2d289e45975086f7' ]
32 info retry fetch attempt 1 at 20:17:05
33 verbose fetch to= /home/alex/tmp/npm-14877-u1JhEH8C/1463339825755-0.40898352954536676/tmp.tgz
34 http GET https://registry.npmjs.org/vulcanize/-/vulcanize-1.14.8.tgz
35 http 200 https://registry.npmjs.org/vulcanize/-/vulcanize-1.14.8.tgz
36 verbose tar unpack /home/alex/tmp/npm-14877-u1JhEH8C/1463339825755-0.40898352954536676/tmp.tgz
37 silly lockFile e8998d50-5755-0-40898352954536676-package tar:///home/alex/tmp/npm-14877-u1JhEH8C/1463339825755-0.40898352954536676/package
38 verbose lock tar:///home/alex/tmp/npm-14877-u1JhEH8C/1463339825755-0.40898352954536676/package /home/alex/.npm/e8998d50-5755-0-40898352954536676-package.lock
39 silly lockFile fd838e83-5755-0-40898352954536676-tmp-tgz tar:///home/alex/tmp/npm-14877-u1JhEH8C/1463339825755-0.40898352954536676/tmp.tgz
40 verbose lock tar:///home/alex/tmp/npm-14877-u1JhEH8C/1463339825755-0.40898352954536676/tmp.tgz /home/alex/.npm/fd838e83-5755-0-40898352954536676-tmp-tgz.lock
41 silly gunzTarPerm modes [ '755', '644' ]
42 silly gunzTarPerm extractEntry package.json
43 silly gunzTarPerm extractEntry .npmignore
44 silly gunzTarPerm extractEntry README.md
45 silly gunzTarPerm extractEntry LICENSE
46 silly gunzTarPerm extractEntry .travis.yml
47 silly gunzTarPerm extractEntry CHANGELOG.md
48 silly gunzTarPerm extractEntry .gitattributes
49 silly gunzTarPerm extractEntry bin/vulcanize
50 silly gunzTarPerm extractEntry bower_components/polymer/.bower.json
51 silly gunzTarPerm extractEntry bower_components/polymer/LICENSE.txt
52 silly gunzTarPerm extractEntry bower_components/polymer/bower.json
53 silly gunzTarPerm extractEntry bower_components/polymer/build.log
54 silly gunzTarPerm extractEntry bower_components/polymer/polymer-micro.html
55 silly gunzTarPerm extractEntry bower_components/polymer/polymer-mini.html
56 silly gunzTarPerm extractEntry bower_components/polymer/polymer.html
57 silly gunzTarPerm extractEntry bower_components/webcomponentsjs/package.json
58 silly gunzTarPerm extractEntry bower_components/webcomponentsjs/README.md
59 silly gunzTarPerm extractEntry bower_components/webcomponentsjs/HTMLImports.min.js
60 silly gunzTarPerm extractEntry bower_components/webcomponentsjs/MutationObserver.js
61 silly gunzTarPerm extractEntry bower_components/webcomponentsjs/MutationObserver.min.js
62 silly gunzTarPerm extractEntry bower_components/webcomponentsjs/HTMLImports.js
63 silly gunzTarPerm extractEntry bower_components/webcomponentsjs/CustomElements.js
64 silly gunzTarPerm extractEntry bower_components/webcomponentsjs/ShadowDOM.min.js
65 silly gunzTarPerm extractEntry bower_components/webcomponentsjs/webcomponents.js
66 silly gunzTarPerm extractEntry bower_components/webcomponentsjs/webcomponents-lite.min.js
67 silly gunzTarPerm extractEntry bower_components/webcomponentsjs/CustomElements.min.js
68 silly gunzTarPerm extractEntry bower_components/webcomponentsjs/webcomponents.min.js
69 silly gunzTarPerm extractEntry bower_components/webcomponentsjs/webcomponents-lite.js
70 silly gunzTarPerm extractEntry bower_components/webcomponentsjs/ShadowDOM.js
71 silly gunzTarPerm extractEntry bower_components/webcomponentsjs/build.log
72 silly gunzTarPerm extractEntry bower_components/webcomponentsjs/bower.json
73 silly gunzTarPerm extractEntry bower_components/webcomponentsjs/.bower.json
74 silly gunzTarPerm extractEntry lib/comment-map.js
75 silly gunzTarPerm extractEntry lib/constants.js
76 silly gunzTarPerm extractEntry lib/matchers.js
77 silly gunzTarPerm extractEntry lib/pathresolver.js
78 silly gunzTarPerm extractEntry lib/vulcan.js
79 silly gunzTarPerm extractEntry .editorconfig
80 silly gunzTarPerm extractEntry third_party/UglifyJS2/README.md
81 silly gunzTarPerm extractEntry third_party/UglifyJS2/LICENSE
82 silly gunzTarPerm extractEntry third_party/UglifyJS2/output.js
83 silly lockFile e8998d50-5755-0-40898352954536676-package tar:///home/alex/tmp/npm-14877-u1JhEH8C/1463339825755-0.40898352954536676/package
84 silly lockFile e8998d50-5755-0-40898352954536676-package tar:///home/alex/tmp/npm-14877-u1JhEH8C/1463339825755-0.40898352954536676/package
85 silly lockFile fd838e83-5755-0-40898352954536676-tmp-tgz tar:///home/alex/tmp/npm-14877-u1JhEH8C/1463339825755-0.40898352954536676/tmp.tgz
86 silly lockFile fd838e83-5755-0-40898352954536676-tmp-tgz tar:///home/alex/tmp/npm-14877-u1JhEH8C/1463339825755-0.40898352954536676/tmp.tgz
87 verbose tar pack [ '/home/alex/.npm/vulcanize/1.14.8/package.tgz',
87 verbose tar pack   '/home/alex/tmp/npm-14877-u1JhEH8C/1463339825755-0.40898352954536676/package' ]
88 verbose tarball /home/alex/.npm/vulcanize/1.14.8/package.tgz
89 verbose folder /home/alex/tmp/npm-14877-u1JhEH8C/1463339825755-0.40898352954536676/package
90 silly lockFile e8998d50-5755-0-40898352954536676-package tar:///home/alex/tmp/npm-14877-u1JhEH8C/1463339825755-0.40898352954536676/package
91 verbose lock tar:///home/alex/tmp/npm-14877-u1JhEH8C/1463339825755-0.40898352954536676/package /home/alex/.npm/e8998d50-5755-0-40898352954536676-package.lock
92 silly lockFile fde013a4-npm-vulcanize-1-14-8-package-tgz tar:///home/alex/.npm/vulcanize/1.14.8/package.tgz
93 verbose lock tar:///home/alex/.npm/vulcanize/1.14.8/package.tgz /home/alex/.npm/fde013a4-npm-vulcanize-1-14-8-package-tgz.lock
94 silly lockFile e8998d50-5755-0-40898352954536676-package tar:///home/alex/tmp/npm-14877-u1JhEH8C/1463339825755-0.40898352954536676/package
95 silly lockFile e8998d50-5755-0-40898352954536676-package tar:///home/alex/tmp/npm-14877-u1JhEH8C/1463339825755-0.40898352954536676/package
96 silly lockFile fde013a4-npm-vulcanize-1-14-8-package-tgz tar:///home/alex/.npm/vulcanize/1.14.8/package.tgz
97 silly lockFile fde013a4-npm-vulcanize-1-14-8-package-tgz tar:///home/alex/.npm/vulcanize/1.14.8/package.tgz
98 silly lockFile b2d7001a-lex-npm-vulcanize-1-14-8-package /home/alex/.npm/vulcanize/1.14.8/package
99 verbose lock /home/alex/.npm/vulcanize/1.14.8/package /home/alex/.npm/b2d7001a-lex-npm-vulcanize-1-14-8-package.lock
100 silly lockFile b2d7001a-lex-npm-vulcanize-1-14-8-package /home/alex/.npm/vulcanize/1.14.8/package
101 silly lockFile b2d7001a-lex-npm-vulcanize-1-14-8-package /home/alex/.npm/vulcanize/1.14.8/package
102 verbose tar unpack /home/alex/.npm/vulcanize/1.14.8/package.tgz
103 silly lockFile b8d5445a-lex-npm-vulcanize-1-14-8-package tar:///home/alex/.npm/vulcanize/1.14.8/package
104 verbose lock tar:///home/alex/.npm/vulcanize/1.14.8/package /home/alex/.npm/b8d5445a-lex-npm-vulcanize-1-14-8-package.lock
105 silly lockFile fde013a4-npm-vulcanize-1-14-8-package-tgz tar:///home/alex/.npm/vulcanize/1.14.8/package.tgz
106 verbose lock tar:///home/alex/.npm/vulcanize/1.14.8/package.tgz /home/alex/.npm/fde013a4-npm-vulcanize-1-14-8-package-tgz.lock
107 silly gunzTarPerm modes [ '755', '644' ]
108 silly gunzTarPerm extractEntry package.json
109 silly gunzTarPerm extractEntry .npmignore
110 silly gunzTarPerm extractEntry README.md
111 silly gunzTarPerm extractEntry LICENSE
112 silly gunzTarPerm extractEntry .editorconfig
113 silly gunzTarPerm extractEntry .gitattributes
114 silly gunzTarPerm extractEntry bin/vulcanize
115 silly gunzTarPerm extractEntry bower_components/polymer/.bower.json
116 silly gunzTarPerm extractEntry bower_components/polymer/LICENSE.txt
117 silly gunzTarPerm extractEntry bower_components/polymer/bower.json
118 silly gunzTarPerm extractEntry bower_components/polymer/build.log
119 silly gunzTarPerm extractEntry bower_components/polymer/polymer-micro.html
120 silly gunzTarPerm extractEntry bower_components/polymer/polymer-mini.html
121 silly gunzTarPerm extractEntry bower_components/polymer/polymer.html
122 silly gunzTarPerm extractEntry bower_components/webcomponentsjs/package.json
123 silly gunzTarPerm extractEntry bower_components/webcomponentsjs/README.md
124 silly gunzTarPerm extractEntry bower_components/webcomponentsjs/HTMLImports.min.js
125 silly gunzTarPerm extractEntry bower_components/webcomponentsjs/MutationObserver.js
126 silly gunzTarPerm extractEntry bower_components/webcomponentsjs/MutationObserver.min.js
127 silly gunzTarPerm extractEntry bower_components/webcomponentsjs/HTMLImports.js
128 silly gunzTarPerm extractEntry bower_components/webcomponentsjs/CustomElements.js
129 silly gunzTarPerm extractEntry bower_components/webcomponentsjs/ShadowDOM.min.js
130 silly gunzTarPerm extractEntry bower_components/webcomponentsjs/webcomponents.js
131 silly gunzTarPerm extractEntry bower_components/webcomponentsjs/webcomponents-lite.min.js
132 silly gunzTarPerm extractEntry bower_components/webcomponentsjs/CustomElements.min.js
133 silly gunzTarPerm extractEntry bower_components/webcomponentsjs/webcomponents.min.js
134 silly gunzTarPerm extractEntry bower_components/webcomponentsjs/webcomponents-lite.js
135 silly gunzTarPerm extractEntry bower_components/webcomponentsjs/ShadowDOM.js
136 silly gunzTarPerm extractEntry bower_components/webcomponentsjs/build.log
137 silly gunzTarPerm extractEntry bower_components/webcomponentsjs/bower.json
138 silly gunzTarPerm extractEntry bower_components/webcomponentsjs/.bower.json
139 silly gunzTarPerm extractEntry lib/comment-map.js
140 silly gunzTarPerm extractEntry lib/constants.js
141 silly gunzTarPerm extractEntry lib/matchers.js
142 silly gunzTarPerm extractEntry lib/pathresolver.js
143 silly gunzTarPerm extractEntry lib/vulcan.js
144 silly gunzTarPerm extractEntry .travis.yml
145 silly gunzTarPerm extractEntry third_party/UglifyJS2/README.md
146 silly gunzTarPerm extractEntry third_party/UglifyJS2/LICENSE
147 silly gunzTarPerm extractEntry third_party/UglifyJS2/output.js
148 silly lockFile b8d5445a-lex-npm-vulcanize-1-14-8-package tar:///home/alex/.npm/vulcanize/1.14.8/package
149 silly lockFile b8d5445a-lex-npm-vulcanize-1-14-8-package tar:///home/alex/.npm/vulcanize/1.14.8/package
150 silly lockFile fde013a4-npm-vulcanize-1-14-8-package-tgz tar:///home/alex/.npm/vulcanize/1.14.8/package.tgz
151 silly lockFile fde013a4-npm-vulcanize-1-14-8-package-tgz tar:///home/alex/.npm/vulcanize/1.14.8/package.tgz
152 verbose chmod /home/alex/.npm/vulcanize/1.14.8/package.tgz 644
153 verbose chown /home/alex/.npm/vulcanize/1.14.8/package.tgz [ 1000, 1000 ]
154 silly lockFile b7cd2d53-g-vulcanize-vulcanize-1-14-8-tgz https://registry.npmjs.org/vulcanize/-/vulcanize-1.14.8.tgz
155 silly lockFile b7cd2d53-g-vulcanize-vulcanize-1-14-8-tgz https://registry.npmjs.org/vulcanize/-/vulcanize-1.14.8.tgz
156 silly lockFile a33f939b-vulcanize-1-14-8 vulcanize@1.14.8
157 silly lockFile a33f939b-vulcanize-1-14-8 vulcanize@1.14.8
158 silly lockFile 5340c566-vulcanize vulcanize@
159 silly lockFile 5340c566-vulcanize vulcanize@
160 silly resolved [ { name: 'vulcanize',
160 silly resolved     version: '1.14.8',
160 silly resolved     description: 'Process Web Components into one output file',
160 silly resolved     main: 'lib/vulcan.js',
160 silly resolved     bin: { vulcanize: 'bin/vulcanize' },
160 silly resolved     dependencies:
160 silly resolved      { dom5: '^1.3.1',
160 silly resolved        'es6-promise': '^2.1.0',
160 silly resolved        hydrolysis: '^1.19.1',
160 silly resolved        nopt: '^3.0.1',
160 silly resolved        'path-posix': '^1.0.0',
160 silly resolved        'update-notifier': '^0.6.0' },
160 silly resolved     devDependencies:
160 silly resolved      { chai: '^3.4.1',
160 silly resolved        firebase: '^2.4.1',
160 silly resolved        jshint: '^2.7.0',
160 silly resolved        mocha: '^2.2.4' },
160 silly resolved     scripts: { test: 'jshint --verbose lib bin/vulcanize test && mocha' },
160 silly resolved     author: { name: 'The Polymer Project Authors' },
160 silly resolved     license: 'BSD-3-Clause',
160 silly resolved     directories: { test: 'test' },
160 silly resolved     keywords: [ 'web components', 'polymer' ],
160 silly resolved     repository: { type: 'git', url: 'git://github.com/Polymer/vulcanize.git' },
160 silly resolved     bugs: { url: 'https://github.com/Polymer/vulcanize/issues' },
160 silly resolved     optionalDependencies: { 'update-notifier': '^0.6.0' },
160 silly resolved     readme: '[![NPM version](http://img.shields.io/npm/v/vulcanize.svg)](https://npmjs.org/package/vulcanize)\n[![Build Status](http://img.shields.io/travis/Polymer/vulcanize.svg)](https://travis-ci.org/Polymer/vulcanize)\n\n# Vulcanize\n\n### Reduce an HTML file and its dependent HTML Imports into one file\n\n>Named for the [Vulcanization](http://en.wikipedia.org/wiki/Vulcanization) process that turns polymers into more durable\nmaterials.\n\nWeb pages that use multiple [HTML Imports](http://www.html5rocks.com/en/tutorials/webcomponents/imports/) to load dependencies may end up making lots of network round-trips. In many cases, this can lead to long initial load times and unnecessary bandwidth usage. The Vulcanize tool follows HTML Imports and `<script>` tags to inline these external assets into a single page, to be used in production.\n\nIn the future, technologies such as [HTTP/2](http://en.wikipedia.org/wiki/HTTP/2) and [Server Push](https://http2.github.io/faq/#whats-the-benefit-of-server-push) will likely obsolete the need for a tool like vulcanize for production uses.\n\n## Installation\n\n`vulcanize` is available on npm. For maximium utility, `vulcanize` should be installed globally.\n\n    npm install -g vulcanize\n\nThis will install `vulcanize` to `/usr/local/bin/vulcanize` (you may need `sudo`\nfor this step).\n\n## Options\n- `-h`|`--help`: print this message\n- `-v`|`--version`: print version number\n- `-p <arg>`|`--abspath <arg>`: use <arg> as the "webserver root", make all adjusted urls absolute\n- `--exclude <path>`: exclude a subpath from root. Use multiple times to exclude multiple paths. Tags (imports/scripts/etc) that reference an excluded path are left in-place, meaning the resources are not inlined. ex: `--exclude=elements/x-foo.html --exclude=elements/x-bar.html`\n- `--strip-exclude`: Exclude a subpath and remove any links referencing it.\n- `--inline-scripts`: Inline external scripts.\n- `--inline-css`: Inline external stylesheets.\n- `--add-import <path>`: Add this import to the target HTML before vulcanizing. Can be used multiple times.\n- `--redirect <uri>|<path>`: Takes an argument in the form of URI|PATH where url is a URI composed of a protocol, hostname, and path and PATH is a local filesystem path to replace the matched URI part with. Multiple redirects may be specified; the earliest ones have the highest priority.\n- `--strip-comments`: Strips all HTML comments not containing an @license from the document.\n- `--no-implicit-strip`: *DANGEROUS*! Avoid stripping imports of the transitive dependencies of imports specified with `--exclude`. May result in duplicate javascript inlining.\n- `--out-html <path>`: If specified, output will be written to <path> instead of stdout.\n\n## Usage\nThe command\n\n    vulcanize target.html\n\nwill inline the HTML Imports of `target.html` and print the resulting HTML to\nstandard output.\n\nThe command\n\n    vulcanize target.html > build.html\n\nwill inline the HTML Imports of `target.html` and print the result to\n`build.html`.\n\nThe command\n\n    vulcanize -p "path/to/target/" /target.html\n\nwill inline the HTML Imports of `target.html`, treat `path/to/target/` as the\nwebroot of target.html, and make all urls absolute to the provided webroot.\n\nThe command\n\n    vulcanize --exclude "path/to/target/subpath/" --exclude "path/to/target/subpath2/" target.html\n\nwill inline the HTML Imports of `target.html` that are not in the directory\n`path/to/target/subpath` nor `path/to/target/subpath2`.\n\nIf the `--strip-exclude` flag is used, the HTML Import `<link>` tags that\npoint to resources in `path/totarget/subpath` and `path/to/target/subpath2/`\nwill also be removed.\n\nThe command\n\n    vulcanize --inline-scripts target.html\n\nwill inline scripts in `target.html` as well as HTML Imports. Exclude flags will apply to both Imports and Scripts.\n\nThe command\n\n    vulcanize --inline-css target.html\n\nwill inline Polymerized stylesheets, `<link rel="import" type="css">`\n\nThe command\n\n    vulcanize --strip-comments target.html\n\nwill remove HTML comments, except for those that begin with `@license`.\nLicense comments will be deduplicated.\n\n## Using vulcanize programmatically\n\nVulcanize as a library has two exported function.\n\n`vulcanize` constructor takes an object of options similar to the command line\noptions.\n- `abspath`: A folder to treat as "webroot".\n  - When specified, use an absolute path to `target`.\n- `excludes`: An array of strings with regular expressions to exclude paths from being inlined.\n- `stripExcludes`: Similar to `excludes`, but strips the imports from the output entirely.\n    - If `stripExcludes` is empty, it will be set the value of `excludes` by default.\n- `inlineScripts`: Inline external scripts.\n- `inlineCss`: Inline external stylesheets.\n- `addedImports`: Additional HTML imports to inline, added to the end of the\n    target file\n- `redirects`: An array of strings with the format `URI|PATH` where url is a URI composed of a protocol, hostname, and path and PATH is a local filesystem path to replace the matched URI part with. Multiple redirects may be specified; the earliest ones have the highest priority.\n- `stripComments`: Remove non-license HTML comments.\n- `inputUrl`: A URL string that will override the `target` argument to\n    `vulcanize.process()`.\n    By design, gulp and grunt plugins expect to work on the given file path.\n    `vulcanize` has its own file loader, and expects to be given URLs. In\n    instances where the filename cannot be used as a URL `inputUrl` will\n    override the filename.\n- `loader`: A [hydrolysis](https://www.npmjs.com/package/hydrolysis) loader.\n    This loader is generated with the `target` argument to `vulcan.process` and\n    the `exclude` paths. A custom loader can be given if more advanced setups\n    are necesssary.\n\n`vulcanize.process` takes a `target` path to `target.html` and a callback.\n\nExample:\n```js\nvar Vulcanize = require(\'vulcanize\');\nvar hydrolysis = require(\'hydrolysis\');\n\n/* a Hydrolysis loader object (optional) */\nvar loader = new hydrolysis.loader(...)\n\nvar vulcan = new Vulcanize({\n  abspath: \'\',\n  excludes: [\n    \'\\\\.css$\'\n  ],\n  stripExcludes: [\n  ],\n  inlineScripts: false,\n  inlineCss: false,\n  addedImports: [\n  ],\n  redirects: [\n  ],\n  implicitStrip: true,\n  stripComments: false\n  // optional\n  loader: loader,\n  inputUrl: \'\'\n});\n\nvulcan.process(target, function(err, inlinedHtml) {\n});\n```\n\n## Caveats\n\nBecause HTML Imports changes the order of execution scripts can have, Vulcanize\nhas to make a few compromises to achieve that same script execution order.\n\n1. Contents of all HTML Import documents will be moved to `<body>`\n\n1. Any scripts after a `<link rel="import">` node in `<head>` will be moved to `<body>` after the contents of the HTML Import.\n\n## What happened to [feature] from 0.X?\n- `--csp` mode has been moved into [crisper](https://github.com/PolymerLabs/crisper)\n- `--strip` mode was removed, use something like [html-minifier](https://github.com/kangax/html-minifier) or [minimize](https://github.com/Moveo/minimize)\n  - Use these at your own risk, they may not understand all of Polymer\'s uses of HTML or CSS (https://github.com/kangax/html-minifier/issues/377)\n\n## What about build tools\n- [grunt-vulcanize](https://www.npmjs.com/package/grunt-vulcanize)\n- [gulp-vulcanize](https://www.npmjs.com/package/gulp-vulcanize)\n- [broccoli-vulcanize](https://www.npmjs.com/package/broccoli-vulcanize)\n\n[![Analytics](https://ga-beacon.appspot.com/UA-39334307-2/Polymer/vulcanize/README)](https://github.com/igrigorik/ga-beacon)\n',
160 silly resolved     readmeFilename: 'README.md',
160 silly resolved     _id: 'vulcanize@1.14.8',
160 silly resolved     dist: { shasum: '524a55a0c875c75449e7b0370c38b79d9a7a59ac' },
160 silly resolved     _from: 'vulcanize@',
160 silly resolved     _resolved: 'https://registry.npmjs.org/vulcanize/-/vulcanize-1.14.8.tgz' } ]
161 info install vulcanize@1.14.8 into /usr/local/lib
162 info installOne vulcanize@1.14.8
163 info /usr/local/lib/node_modules/vulcanize unbuild
164 verbose tar unpack /home/alex/.npm/vulcanize/1.14.8/package.tgz
165 silly lockFile cb65f41a-local-lib-node-modules-vulcanize tar:///usr/local/lib/node_modules/vulcanize
166 verbose lock tar:///usr/local/lib/node_modules/vulcanize /home/alex/.npm/cb65f41a-local-lib-node-modules-vulcanize.lock
167 silly lockFile fde013a4-npm-vulcanize-1-14-8-package-tgz tar:///home/alex/.npm/vulcanize/1.14.8/package.tgz
168 verbose lock tar:///home/alex/.npm/vulcanize/1.14.8/package.tgz /home/alex/.npm/fde013a4-npm-vulcanize-1-14-8-package-tgz.lock
169 silly gunzTarPerm modes [ '755', '644' ]
170 error Error: EACCES, mkdir '/usr/local/lib/node_modules'
170 error  { [Error: EACCES, mkdir '/usr/local/lib/node_modules']
170 error   errno: 3,
170 error   code: 'EACCES',
170 error   path: '/usr/local/lib/node_modules',
170 error   fstream_type: 'Directory',
170 error   fstream_path: '/usr/local/lib/node_modules/vulcanize',
170 error   fstream_class: 'DirWriter',
170 error   fstream_stack:
170 error    [ '/usr/lib/nodejs/fstream/lib/writer.js:171:23',
170 error      '/usr/lib/nodejs/mkdirp/index.js:37:53',
170 error      'Object.oncomplete (fs.js:107:15)' ] }
171 error Please try running this command again as root/Administrator.
172 error System Linux 3.19.0-39-generic
173 error command "/usr/bin/nodejs" "/usr/bin/npm" "install" "-g" "vulcanize"
174 error cwd /home/alex/rpihomeautomation
175 error node -v v0.10.25
176 error npm -v 1.3.10
177 error path /usr/local/lib/node_modules
178 error fstream_path /usr/local/lib/node_modules/vulcanize
179 error fstream_type Directory
180 error fstream_class DirWriter
181 error code EACCES
182 error errno 3
183 error stack Error: EACCES, mkdir '/usr/local/lib/node_modules'
184 error fstream_stack /usr/lib/nodejs/fstream/lib/writer.js:171:23
184 error fstream_stack /usr/lib/nodejs/mkdirp/index.js:37:53
184 error fstream_stack Object.oncomplete (fs.js:107:15)
185 verbose exit [ 3, true ]
